------------------------------------------------------------------------------------------------------------------------------------------------------------------------------------------------------------------------------------------------------------------------------------------------------------
2015-12-03 13:24:40
Method: GET
Url: https://payqr.ru/shop/api/1.0/invoices/usr_inv_ih1SdUK477Sff6sMefjha
Params: ''
Response: HTTP/1.1 200 OK
Server: nginx/1.9.7
Date: Thu, 03 Dec 2015 10:24:42 GMT
Content-Type: application/json; charset=utf-8
Content-Length: 1381
Connection: keep-alive
Cache-Control: no-cache
Pragma: no-cache
Expires: -1
PQRSecretKey: 7vfqsdLtKl8CedP9enS9
X-AspNet-Version: 4.0.30319
X-Powered-By: ASP.NET

{"object":"invoice","id":"usr_inv_ih1SdUK477Sff6sMefjha","payqrNumber":"3370029630173666","created":"2015-12-01T17:49:01.703+03:00","modified":"2015-12-01T17:49:18.433+03:00","livemode":false,"payqrUserId":"110694142491","scenario":"Buy","amount":25.0000,"orderId":"7011","orderGroup":"","cart":[{"article":"11","name":"Crossale Product","imageUrl":"http://fast.ulmart.ru/p/mid/350/35090/3509055.jpg","quantity":1.0,"amount":25.0,"category":""}],"customer":{"firstName":"","middleName":"","lastName":"","phone":"","email":""},"delivery":{"country":"Россия","region":"","city":"","zip":"","street":"","house":"","unit":"","building":"","flat":"","hallway":"","floor":"","intercom":"","comment":"","longitude":null,"latitude":null,"kladrId":""},"deliveryCases":[],"deliveryCasesSelected":null,"pickPoints":[],"pickPointsSelected":null,"promoCode":{"article":"","description":"","value":""},"promoCard":{"article":"","description":"","value":""},"message":{"article":"","text":"","imageUrl":"","url":""},"upSale":[],"poll":[],"pollSelected":null,"userData":"[{\"custom\":\"\"}]","validityInMinutes":10080,"confirmWaitingInMinutes":4320,"status":"reverted","confirmStatus":"","reverts":[{"id":"rvt_e8Xtmn5WzCs1o7unFDu4Y1","created":"2015-12-01T17:49:18.165+03:00","revertedAmount":25.0000,"status":"succeedeed"}],"payqrCustomerCommissionPercent":0.000,"payqrFeeAmount":0.0000000}

------------------------------------------------------------------------------------------------------------------------------------------------------------------------------------------------------------------------------------------------------------------------------------------------------------
2015-12-03 13:25:05
Method: GET
Url: https://payqr.ru/shop/api/1.0/invoices/usr_inv_ih1SdUK477Sff6sMefjha
Params: ''
Response: HTTP/1.1 200 OK
Server: nginx/1.9.7
Date: Thu, 03 Dec 2015 10:25:07 GMT
Content-Type: application/json; charset=utf-8
Content-Length: 1381
Connection: keep-alive
Cache-Control: no-cache
Pragma: no-cache
Expires: -1
PQRSecretKey: 7vfqsdLtKl8CedP9enS9
X-AspNet-Version: 4.0.30319
X-Powered-By: ASP.NET

{"object":"invoice","id":"usr_inv_ih1SdUK477Sff6sMefjha","payqrNumber":"3370029630173666","created":"2015-12-01T17:49:01.703+03:00","modified":"2015-12-01T17:49:18.433+03:00","livemode":false,"payqrUserId":"110694142491","scenario":"Buy","amount":25.0000,"orderId":"7011","orderGroup":"","cart":[{"article":"11","name":"Crossale Product","imageUrl":"http://fast.ulmart.ru/p/mid/350/35090/3509055.jpg","quantity":1.0,"amount":25.0,"category":""}],"customer":{"firstName":"","middleName":"","lastName":"","phone":"","email":""},"delivery":{"country":"Россия","region":"","city":"","zip":"","street":"","house":"","unit":"","building":"","flat":"","hallway":"","floor":"","intercom":"","comment":"","longitude":null,"latitude":null,"kladrId":""},"deliveryCases":[],"deliveryCasesSelected":null,"pickPoints":[],"pickPointsSelected":null,"promoCode":{"article":"","description":"","value":""},"promoCard":{"article":"","description":"","value":""},"message":{"article":"","text":"","imageUrl":"","url":""},"upSale":[],"poll":[],"pollSelected":null,"userData":"[{\"custom\":\"\"}]","validityInMinutes":10080,"confirmWaitingInMinutes":4320,"status":"reverted","confirmStatus":"","reverts":[{"id":"rvt_e8Xtmn5WzCs1o7unFDu4Y1","created":"2015-12-01T17:49:18.165+03:00","revertedAmount":25.0000,"status":"succeedeed"}],"payqrCustomerCommissionPercent":0.000,"payqrFeeAmount":0.0000000}

------------------------------------------------------------------------------------------------------------------------------------------------------------------------------------------------------------------------------------------------------------------------------------------------------------
2015-12-03 13:25:18
Method: GET
Url: https://payqr.ru/shop/api/1.0/invoices/usr_inv_ih1SdUK477Sff6sMefjha
Params: ''
Response: HTTP/1.1 200 OK
Server: nginx/1.9.7
Date: Thu, 03 Dec 2015 10:25:20 GMT
Content-Type: application/json; charset=utf-8
Content-Length: 1381
Connection: keep-alive
Cache-Control: no-cache
Pragma: no-cache
Expires: -1
PQRSecretKey: 7vfqsdLtKl8CedP9enS9
X-AspNet-Version: 4.0.30319
X-Powered-By: ASP.NET

{"object":"invoice","id":"usr_inv_ih1SdUK477Sff6sMefjha","payqrNumber":"3370029630173666","created":"2015-12-01T17:49:01.703+03:00","modified":"2015-12-01T17:49:18.433+03:00","livemode":false,"payqrUserId":"110694142491","scenario":"Buy","amount":25.0000,"orderId":"7011","orderGroup":"","cart":[{"article":"11","name":"Crossale Product","imageUrl":"http://fast.ulmart.ru/p/mid/350/35090/3509055.jpg","quantity":1.0,"amount":25.0,"category":""}],"customer":{"firstName":"","middleName":"","lastName":"","phone":"","email":""},"delivery":{"country":"Россия","region":"","city":"","zip":"","street":"","house":"","unit":"","building":"","flat":"","hallway":"","floor":"","intercom":"","comment":"","longitude":null,"latitude":null,"kladrId":""},"deliveryCases":[],"deliveryCasesSelected":null,"pickPoints":[],"pickPointsSelected":null,"promoCode":{"article":"","description":"","value":""},"promoCard":{"article":"","description":"","value":""},"message":{"article":"","text":"","imageUrl":"","url":""},"upSale":[],"poll":[],"pollSelected":null,"userData":"[{\"custom\":\"\"}]","validityInMinutes":10080,"confirmWaitingInMinutes":4320,"status":"reverted","confirmStatus":"","reverts":[{"id":"rvt_e8Xtmn5WzCs1o7unFDu4Y1","created":"2015-12-01T17:49:18.165+03:00","revertedAmount":25.0000,"status":"succeedeed"}],"payqrCustomerCommissionPercent":0.000,"payqrFeeAmount":0.0000000}

------------------------------------------------------------------------------------------------------------------------------------------------------------------------------------------------------------------------------------------------------------------------------------------------------------
2015-12-03 13:25:53
Method: GET
Url: https://payqr.ru/shop/api/1.0/invoices/usr_inv_ih1SdUK477Sff6sMefjha
Params: ''
Response: HTTP/1.1 200 OK
Server: nginx/1.9.7
Date: Thu, 03 Dec 2015 10:25:55 GMT
Content-Type: application/json; charset=utf-8
Content-Length: 1381
Connection: keep-alive
Cache-Control: no-cache
Pragma: no-cache
Expires: -1
PQRSecretKey: 7vfqsdLtKl8CedP9enS9
X-AspNet-Version: 4.0.30319
X-Powered-By: ASP.NET

{"object":"invoice","id":"usr_inv_ih1SdUK477Sff6sMefjha","payqrNumber":"3370029630173666","created":"2015-12-01T17:49:01.703+03:00","modified":"2015-12-01T17:49:18.433+03:00","livemode":false,"payqrUserId":"110694142491","scenario":"Buy","amount":25.0000,"orderId":"7011","orderGroup":"","cart":[{"article":"11","name":"Crossale Product","imageUrl":"http://fast.ulmart.ru/p/mid/350/35090/3509055.jpg","quantity":1.0,"amount":25.0,"category":""}],"customer":{"firstName":"","middleName":"","lastName":"","phone":"","email":""},"delivery":{"country":"Россия","region":"","city":"","zip":"","street":"","house":"","unit":"","building":"","flat":"","hallway":"","floor":"","intercom":"","comment":"","longitude":null,"latitude":null,"kladrId":""},"deliveryCases":[],"deliveryCasesSelected":null,"pickPoints":[],"pickPointsSelected":null,"promoCode":{"article":"","description":"","value":""},"promoCard":{"article":"","description":"","value":""},"message":{"article":"","text":"","imageUrl":"","url":""},"upSale":[],"poll":[],"pollSelected":null,"userData":"[{\"custom\":\"\"}]","validityInMinutes":10080,"confirmWaitingInMinutes":4320,"status":"reverted","confirmStatus":"","reverts":[{"id":"rvt_e8Xtmn5WzCs1o7unFDu4Y1","created":"2015-12-01T17:49:18.165+03:00","revertedAmount":25.0000,"status":"succeedeed"}],"payqrCustomerCommissionPercent":0.000,"payqrFeeAmount":0.0000000}

------------------------------------------------------------------------------------------------------------------------------------------------------------------------------------------------------------------------------------------------------------------------------------------------------------
2015-12-03 13:25:54
Method: GET
Url: https://payqr.ru/shop/api/1.0/invoices/usr_inv_ih1SdUK477Sff6sMefjha
Params: ''
Response: HTTP/1.1 200 OK
Server: nginx/1.9.7
Date: Thu, 03 Dec 2015 10:25:56 GMT
Content-Type: application/json; charset=utf-8
Content-Length: 1381
Connection: keep-alive
Cache-Control: no-cache
Pragma: no-cache
Expires: -1
PQRSecretKey: 7vfqsdLtKl8CedP9enS9
X-AspNet-Version: 4.0.30319
X-Powered-By: ASP.NET

{"object":"invoice","id":"usr_inv_ih1SdUK477Sff6sMefjha","payqrNumber":"3370029630173666","created":"2015-12-01T17:49:01.703+03:00","modified":"2015-12-01T17:49:18.433+03:00","livemode":false,"payqrUserId":"110694142491","scenario":"Buy","amount":25.0000,"orderId":"7011","orderGroup":"","cart":[{"article":"11","name":"Crossale Product","imageUrl":"http://fast.ulmart.ru/p/mid/350/35090/3509055.jpg","quantity":1.0,"amount":25.0,"category":""}],"customer":{"firstName":"","middleName":"","lastName":"","phone":"","email":""},"delivery":{"country":"Россия","region":"","city":"","zip":"","street":"","house":"","unit":"","building":"","flat":"","hallway":"","floor":"","intercom":"","comment":"","longitude":null,"latitude":null,"kladrId":""},"deliveryCases":[],"deliveryCasesSelected":null,"pickPoints":[],"pickPointsSelected":null,"promoCode":{"article":"","description":"","value":""},"promoCard":{"article":"","description":"","value":""},"message":{"article":"","text":"","imageUrl":"","url":""},"upSale":[],"poll":[],"pollSelected":null,"userData":"[{\"custom\":\"\"}]","validityInMinutes":10080,"confirmWaitingInMinutes":4320,"status":"reverted","confirmStatus":"","reverts":[{"id":"rvt_e8Xtmn5WzCs1o7unFDu4Y1","created":"2015-12-01T17:49:18.165+03:00","revertedAmount":25.0000,"status":"succeedeed"}],"payqrCustomerCommissionPercent":0.000,"payqrFeeAmount":0.0000000}

------------------------------------------------------------------------------------------------------------------------------------------------------------------------------------------------------------------------------------------------------------------------------------------------------------
2015-12-03 13:25:55
Method: GET
Url: https://payqr.ru/shop/api/1.0/invoices/usr_inv_ih1SdUK477Sff6sMefjha
Params: ''
Response: HTTP/1.1 200 OK
Server: nginx/1.9.7
Date: Thu, 03 Dec 2015 10:25:56 GMT
Content-Type: application/json; charset=utf-8
Content-Length: 1381
Connection: keep-alive
Cache-Control: no-cache
Pragma: no-cache
Expires: -1
PQRSecretKey: 7vfqsdLtKl8CedP9enS9
X-AspNet-Version: 4.0.30319
X-Powered-By: ASP.NET

{"object":"invoice","id":"usr_inv_ih1SdUK477Sff6sMefjha","payqrNumber":"3370029630173666","created":"2015-12-01T17:49:01.703+03:00","modified":"2015-12-01T17:49:18.433+03:00","livemode":false,"payqrUserId":"110694142491","scenario":"Buy","amount":25.0000,"orderId":"7011","orderGroup":"","cart":[{"article":"11","name":"Crossale Product","imageUrl":"http://fast.ulmart.ru/p/mid/350/35090/3509055.jpg","quantity":1.0,"amount":25.0,"category":""}],"customer":{"firstName":"","middleName":"","lastName":"","phone":"","email":""},"delivery":{"country":"Россия","region":"","city":"","zip":"","street":"","house":"","unit":"","building":"","flat":"","hallway":"","floor":"","intercom":"","comment":"","longitude":null,"latitude":null,"kladrId":""},"deliveryCases":[],"deliveryCasesSelected":null,"pickPoints":[],"pickPointsSelected":null,"promoCode":{"article":"","description":"","value":""},"promoCard":{"article":"","description":"","value":""},"message":{"article":"","text":"","imageUrl":"","url":""},"upSale":[],"poll":[],"pollSelected":null,"userData":"[{\"custom\":\"\"}]","validityInMinutes":10080,"confirmWaitingInMinutes":4320,"status":"reverted","confirmStatus":"","reverts":[{"id":"rvt_e8Xtmn5WzCs1o7unFDu4Y1","created":"2015-12-01T17:49:18.165+03:00","revertedAmount":25.0000,"status":"succeedeed"}],"payqrCustomerCommissionPercent":0.000,"payqrFeeAmount":0.0000000}

